nftset=/www.grok.com/4#inet#fw4#vpn_domains
nftset=/www.x.ai/4#inet#fw4#vpn_domains
nftset=/api.k8slens.dev/4#inet#fw4#vpn_domains
nftset=/files.oaiusercontent.com/4#inet#fw4#vpn_domains
nftset=/oaiusercontent.com/4#inet#fw4#vpn_domains
nftset=/discord-activities.com/4#inet#fw4#vpn_domains
nftset=/discord-attachments-uploads-prd.storage.googleapis.com/4#inet#fw4#vpn_domains
nftset=/discord.co/4#inet#fw4#vpn_domains
nftset=/discord.com/4#inet#fw4#vpn_domains
nftset=/discord.design/4#inet#fw4#vpn_domains
nftset=/discord.dev/4#inet#fw4#vpn_domains
nftset=/discord.gg/4#inet#fw4#vpn_domains
nftset=/discord.gift/4#inet#fw4#vpn_domains
nftset=/discord.gifts/4#inet#fw4#vpn_domains
nftset=/discord.media/4#inet#fw4#vpn_domains
nftset=/discord.new/4#inet#fw4#vpn_domains
nftset=/discord.store/4#inet#fw4#vpn_domains
nftset=/discord.tools/4#inet#fw4#vpn_domains
nftset=/discordactivities.com/4#inet#fw4#vpn_domains
nftset=/discordapp.com/4#inet#fw4#vpn_domains
nftset=/discordapp.net/4#inet#fw4#vpn_domains
nftset=/discordmerch.com/4#inet#fw4#vpn_domains
nftset=/discordpartygames.com/4#inet#fw4#vpn_domains
nftset=/discordsays.com/4#inet#fw4#vpn_domains
nftset=/cdn.discordapp.com/4#inet#fw4#vpn_domains
nftset=/rutracker.cc/4#inet#fw4#vpn_domains
nftset=/rutracker.net/4#inet#fw4#vpn_domains
nftset=/rutracker.org/4#inet#fw4#vpn_domains
nftset=/rutracker.wiki/4#inet#fw4#vpn_domains